\BOOKMARK [0][-]{chapter.1}{\376\377\000I\000N\000T\000R\000O\000D\000U\000C\000C\000I\000\323\000N}{}% 1
\BOOKMARK [1][-]{section.1.1}{\376\377\000I\000N\000T\000R\000O\000D\000U\000C\000C\000I\000\323\000N}{chapter.1}% 2
\BOOKMARK [1][-]{section.1.2}{\376\377\000A\000N\000T\000E\000C\000E\000D\000E\000N\000T\000E\000S}{chapter.1}% 3
\BOOKMARK [1][-]{section.1.3}{\376\377\000D\000E\000S\000C\000R\000I\000P\000C\000I\000\323\000N\000\040\000D\000E\000L\000\040\000P\000R\000O\000B\000L\000E\000M\000A}{chapter.1}% 4
\BOOKMARK [1][-]{section.1.4}{\376\377\000P\000R\000O\000B\000L\000E\000M\000A\000\040\000C\000E\000N\000T\000R\000A\000L}{chapter.1}% 5
\BOOKMARK [1][-]{section.1.5}{\376\377\000P\000R\000O\000B\000L\000E\000M\000A\000S\000\040\000S\000E\000C\000U\000N\000D\000A\000R\000I\000O\000S}{chapter.1}% 6
\BOOKMARK [1][-]{section.1.6}{\376\377\000D\000E\000F\000I\000N\000I\000C\000I\000\323\000N\000\040\000D\000E\000\040\000O\000B\000J\000E\000T\000I\000V\000O\000S}{chapter.1}% 7
\BOOKMARK [2][-]{subsection.1.6.1}{\376\377\000O\000B\000J\000E\000T\000I\000V\000O\000\040\000G\000E\000N\000E\000R\000A\000L}{section.1.6}% 8
\BOOKMARK [2][-]{subsection.1.6.2}{\376\377\000O\000B\000J\000E\000T\000I\000V\000O\000S\000\040\000E\000S\000P\000E\000C\000\315\000F\000I\000C\000O\000S}{section.1.6}% 9
\BOOKMARK [1][-]{section.1.7}{\376\377\000J\000U\000S\000T\000I\000F\000I\000C\000A\000C\000I\000\323\000N}{chapter.1}% 10
\BOOKMARK [1][-]{section.1.8}{\376\377\000L\000\315\000M\000I\000T\000E\000S\000\040\000Y\000/\000O\000\040\000A\000L\000C\000A\000N\000C\000E\000S}{chapter.1}% 11
\BOOKMARK [2][-]{subsection.1.8.1}{\376\377\000L\000\315\000M\000I\000T\000E\000S}{section.1.8}% 12
\BOOKMARK [2][-]{subsection.1.8.2}{\376\377\000A\000L\000C\000A\000N\000C\000E\000S}{section.1.8}% 13
\BOOKMARK [1][-]{section.1.9}{\376\377\000D\000I\000S\000E\000\321\000O\000\040\000M\000E\000T\000O\000D\000O\000L\000\323\000G\000I\000C\000O}{chapter.1}% 14
\BOOKMARK [1][-]{section.1.10}{\376\377\000M\000E\000T\000O\000D\000O\000L\000O\000G\000\315\000A\000\040\000D\000E\000\040\000D\000E\000S\000A\000R\000R\000O\000L\000L\000O}{chapter.1}% 15
\BOOKMARK [2][-]{subsection.1.10.1}{\376\377\000M\000E\000T\000O\000D\000O\000L\000O\000G\000\315\000A\000\040\000P\000A\000R\000A\000\040\000E\000L\000\040\000D\000E\000S\000A\000R\000R\000O\000L\000L\000O\000\040\000D\000E\000\040\000A\000P\000L\000I\000C\000A\000C\000I\000O\000N\000E\000S\000\040\000W\000E\000B}{section.1.10}% 16
\BOOKMARK [2][-]{subsection.1.10.2}{\376\377\000M\000E\000T\000O\000D\000O\000L\000O\000G\000\315\000A\000\040\000P\000A\000R\000A\000\040\000E\000L\000\040\000D\000E\000S\000A\000R\000R\000O\000L\000L\000O\000\040\000D\000E\000\040\000C\000H\000A\000T\000B\000O\000T\000S}{section.1.10}% 17
\BOOKMARK [0][-]{chapter.2}{\376\377\000M\000A\000R\000C\000O\000\040\000T\000E\000\323\000R\000I\000C\000O}{}% 18
\BOOKMARK [1][-]{section.2.1}{\376\377\000A\000G\000E\000N\000T\000E\000\040\000V\000I\000R\000T\000U\000A\000L}{chapter.2}% 19
\BOOKMARK [2][-]{subsection.2.1.1}{\376\377\000A\000G\000E\000N\000T\000E\000S\000\040\000V\000I\000R\000T\000U\000A\000L\000E\000S\000\040\000C\000O\000M\000E\000R\000C\000I\000A\000L\000E\000S}{section.2.1}% 20
\BOOKMARK [1][-]{section.2.2}{\376\377\000T\000I\000P\000O\000S\000\040\000D\000E\000\040\000M\000O\000D\000E\000L\000O\000S\000\040\000P\000A\000R\000A\000\040\000A\000G\000E\000N\000T\000E\000S\000\040\000V\000I\000R\000T\000U\000A\000L\000E\000S}{chapter.2}% 21
\BOOKMARK [2][-]{subsection.2.2.1}{\376\377\000A\000S\000I\000S\000T\000E\000N\000T\000E\000S\000\040\000B\000A\000S\000A\000D\000O\000S\000\040\000E\000N\000\040\000R\000E\000C\000U\000P\000E\000R\000A\000C\000I\000\323\000N\000\040\000D\000E\000\040\000T\000E\000X\000T\000O}{section.2.2}% 22
\BOOKMARK [2][-]{subsection.2.2.2}{\376\377\000A\000S\000I\000S\000T\000E\000N\000T\000E\000S\000\040\000B\000A\000S\000A\000D\000O\000S\000\040\000E\000N\000\040\000L\000A\000\040\000G\000E\000N\000E\000R\000A\000C\000I\000\323\000N\000\040\000D\000E\000\040\000T\000E\000X\000T\000O}{section.2.2}% 23
\BOOKMARK [2][-]{subsection.2.2.3}{\376\377\000V\000E\000N\000T\000A\000J\000A\000S\000\040\000Y\000\040\000D\000E\000S\000V\000E\000N\000T\000A\000J\000A\000S\000\040\000D\000E\000\040\000L\000O\000S\000\040\000M\000O\000D\000E\000L\000O\000S\000\040\000D\000E\000\040\000R\000E\000C\000U\000P\000E\000R\000A\000C\000I\000\323\000N\000\040\000Y\000\040\000G\000E\000N\000E\000R\000A\000T\000I\000V\000O\000S}{section.2.2}% 24
\BOOKMARK [1][-]{section.2.3}{\376\377\000C\000O\000M\000P\000O\000N\000E\000N\000T\000E\000S\000\040\000D\000E\000\040\000U\000N\000\040\000C\000H\000A\000T\000B\000O\000T}{chapter.2}% 25
\BOOKMARK [1][-]{section.2.4}{\376\377\000C\000O\000M\000O\000\040\000T\000R\000A\000B\000A\000J\000A\000\040\000U\000N\000\040\000S\000I\000S\000T\000E\000M\000A\000\040\000D\000E\000\040\000C\000O\000N\000V\000E\000R\000S\000A\000C\000I\000\323\000N}{chapter.2}% 26
\BOOKMARK [1][-]{section.2.5}{\376\377\000H\000E\000R\000R\000A\000M\000I\000E\000N\000T\000A\000S\000\040\000D\000E\000\040\000A\000N\000\301\000L\000I\000S\000I\000S\000\040\000D\000E\000\040\000L\000E\000N\000G\000U\000A\000J\000E\000\040\000N\000A\000T\000U\000R\000A\000L}{chapter.2}% 27
\BOOKMARK [2][-]{subsection.2.5.1}{\376\377\000D\000I\000A\000L\000O\000G\000F\000L\000O\000W}{section.2.5}% 28
\BOOKMARK [2][-]{subsection.2.5.2}{\376\377\000I\000N\000T\000E\000N\000C\000I\000O\000N\000E\000S}{section.2.5}% 29
\BOOKMARK [2][-]{subsection.2.5.3}{\376\377\000E\000N\000T\000I\000D\000A\000D\000E\000S}{section.2.5}% 30
\BOOKMARK [2][-]{subsection.2.5.4}{\376\377\000C\000O\000N\000T\000E\000X\000T\000O}{section.2.5}% 31
\BOOKMARK [2][-]{subsection.2.5.5}{\376\377\000R\000A\000S\000A}{section.2.5}% 32
\BOOKMARK [2][-]{subsection.2.5.6}{\376\377\000R\000A\000S\000A\000\040\000C\000O\000R\000E}{section.2.5}% 33
\BOOKMARK [1][-]{section.2.6}{\376\377\000P\000R\000O\000C\000E\000S\000A\000M\000I\000E\000N\000T\000O\000\040\000D\000E\000L\000\040\000L\000E\000N\000G\000U\000A\000J\000E\000\040\000N\000A\000T\000U\000R\000A\000L}{chapter.2}% 34
\BOOKMARK [2][-]{subsection.2.6.1}{\376\377\000T\000O\000K\000E\000N\000I\000Z\000A\000C\000I\000\323\000N}{section.2.6}% 35
\BOOKMARK [2][-]{subsection.2.6.2}{\376\377\000E\000X\000P\000R\000E\000S\000I\000O\000N\000E\000S\000\040\000R\000E\000G\000U\000L\000A\000R\000E\000S}{section.2.6}% 36
\BOOKMARK [2][-]{subsection.2.6.3}{\376\377\000N\000-\000G\000R\000A\000M\000S}{section.2.6}% 37
\BOOKMARK [2][-]{subsection.2.6.4}{\376\377\000S\000T\000O\000P\000\040\000W\000O\000R\000D\000S}{section.2.6}% 38
\BOOKMARK [2][-]{subsection.2.6.5}{\376\377\000S\000T\000E\000M\000M\000I\000N\000G}{section.2.6}% 39
\BOOKMARK [2][-]{subsection.2.6.6}{\376\377\000L\000E\000M\000A\000T\000I\000Z\000A\000C\000I\000\323\000N}{section.2.6}% 40
\BOOKMARK [2][-]{subsection.2.6.7}{\376\377\000W\000O\000R\000D\000\040\000E\000M\000B\000E\000D\000D\000I\000N\000G}{section.2.6}% 41
\BOOKMARK [2][-]{subsection.2.6.8}{\376\377\000R\000E\000D\000E\000S\000\040\000N\000E\000U\000R\000O\000N\000A\000L\000E\000S\000\040\000A\000R\000T\000I\000F\000I\000C\000I\000A\000L\000E\000S}{section.2.6}% 42
\BOOKMARK [2][-]{subsection.2.6.9}{\376\377\000R\000E\000D\000E\000S\000\040\000N\000E\000U\000R\000O\000N\000A\000L\000E\000S\000\040\000P\000R\000O\000F\000U\000N\000D\000A\000S}{section.2.6}% 43
\BOOKMARK [2][-]{subsection.2.6.10}{\376\377\000R\000E\000D\000E\000S\000\040\000R\000E\000C\000U\000R\000R\000E\000N\000T\000E\000S}{section.2.6}% 44
\BOOKMARK [2][-]{subsection.2.6.11}{\376\377\000L\000O\000N\000G\000\040\000S\000H\000O\000R\000T\000\040\000T\000E\000R\000M\000\040\000M\000E\000M\000O\000R\000Y}{section.2.6}% 45
\BOOKMARK [1][-]{section.2.7}{\376\377\000H\000E\000R\000R\000A\000M\000I\000E\000N\000T\000A\000S\000\040\000D\000E\000\040\000D\000E\000S\000A\000R\000R\000O\000L\000L\000O}{chapter.2}% 46
\BOOKMARK [1][-]{section.2.8}{\376\377\000C\000O\000M\000P\000R\000E\000N\000S\000I\000\323\000N\000\040\000D\000E\000\040\000T\000R\000\301\000M\000I\000T\000E\000S\000\040\000U\000N\000I\000V\000E\000R\000S\000I\000T\000A\000R\000I\000O\000S\000\040\000Y\000\040\000A\000D\000M\000I\000S\000I\000O\000N\000E\000S}{chapter.2}% 47
\BOOKMARK [2][-]{subsection.2.8.1}{\376\377\000R\000E\000C\000O\000P\000I\000L\000A\000C\000I\000\323\000N\000\040\000D\000E\000\040\000T\000R\000\301\000M\000I\000T\000E\000S\000\040\000O\000B\000J\000E\000T\000I\000V\000O\000S}{section.2.8}% 48
\BOOKMARK [2][-]{subsection.2.8.2}{\376\377\000D\000I\000V\000I\000S\000I\000\323\000N\000\040\000D\000E\000\040\000T\000\315\000T\000U\000L\000O\000S\000\040\000Y\000\040\000D\000I\000P\000L\000O\000M\000A\000S}{section.2.8}% 49
\BOOKMARK [2][-]{subsection.2.8.3}{\376\377\000D\000I\000V\000I\000S\000I\000\323\000N\000\040\000D\000E\000\040\000D\000O\000C\000U\000M\000E\000N\000T\000O\000S\000\040\000Y\000\040\000A\000R\000C\000H\000I\000V\000O}{section.2.8}% 50
\BOOKMARK [2][-]{subsection.2.8.4}{\376\377\000D\000I\000V\000I\000S\000I\000\323\000N\000\040\000D\000E\000\040\000G\000E\000S\000T\000I\000O\000N\000E\000S\000,\000\040\000A\000D\000M\000I\000S\000I\000O\000N\000E\000S\000\040\000Y\000\040\000R\000E\000G\000I\000S\000T\000R\000O\000S}{section.2.8}% 51
\BOOKMARK [2][-]{subsection.2.8.5}{\376\377\000T\000R\000A\000B\000A\000J\000O\000\040\000S\000O\000C\000I\000A\000L}{section.2.8}% 52
\BOOKMARK [0][-]{chapter.3}{\376\377\000M\000A\000R\000C\000O\000\040\000A\000P\000L\000I\000C\000A\000T\000I\000V\000O}{}% 53
\BOOKMARK [1][-]{section.3.1}{\376\377\000F\000A\000S\000E\000\040\000P\000R\000E\000-\000G\000A\000M\000E}{chapter.3}% 54
\BOOKMARK [2][-]{subsection.3.1.1}{\376\377\000D\000E\000F\000I\000N\000I\000C\000I\000\323\000N\000\040\000D\000E\000\040\000\040\000P\000R\000O\000D\000U\000C\000T\000\040\000B\000A\000C\000K\000L\000O\000G}{section.3.1}% 55
\BOOKMARK [2][-]{subsection.3.1.2}{\376\377\000D\000E\000T\000E\000C\000C\000I\000\323\000N\000\040\000D\000E\000\040\000P\000\332\000B\000L\000I\000C\000O\000\040\000O\000B\000J\000E\000T\000I\000V\000O}{section.3.1}% 56
\BOOKMARK [2][-]{subsection.3.1.3}{\376\377\000E\000S\000T\000R\000A\000T\000E\000G\000I\000A\000\040\000D\000E\000\040\000R\000E\000C\000O\000P\000I\000L\000A\000C\000I\000\323\000N\000\040\000D\000E\000\040\000R\000E\000Q\000U\000E\000R\000I\000M\000I\000E\000N\000T\000O\000S}{section.3.1}% 57
\BOOKMARK [1][-]{section.3.2}{\376\377\000H\000I\000S\000T\000O\000R\000I\000A\000S\000\040\000D\000E\000\040\000U\000S\000U\000A\000R\000I\000O}{chapter.3}% 58
\BOOKMARK [1][-]{section.3.3}{\376\377\000P\000I\000L\000A\000\040\000D\000E\000L\000\040\000P\000R\000O\000D\000U\000C\000T\000O}{chapter.3}% 59
\BOOKMARK [1][-]{section.3.4}{\376\377\000F\000A\000S\000E\000\040\000G\000A\000M\000E}{chapter.3}% 60
\BOOKMARK [1][-]{section.3.5}{\376\377\000P\000R\000I\000M\000E\000R\000A\000\040\000I\000T\000E\000R\000A\000C\000I\000\323\000N}{chapter.3}% 61
\BOOKMARK [2][-]{subsection.3.5.1}{\376\377\000M\000O\000D\000E\000L\000O\000\040\000D\000E\000\040\000R\000E\000Q\000U\000E\000R\000I\000M\000I\000E\000N\000T\000O\000S}{section.3.5}% 62
\BOOKMARK [2][-]{subsection.3.5.2}{\376\377\000A\000C\000T\000I\000V\000I\000D\000A\000D\000E\000S}{section.3.5}% 63
\BOOKMARK [2][-]{subsection.3.5.3}{\376\377\000M\000O\000D\000E\000L\000O\000\040\000D\000E\000\040\000C\000O\000N\000T\000E\000N\000I\000D\000O}{section.3.5}% 64
\BOOKMARK [2][-]{subsection.3.5.4}{\376\377\000M\000O\000D\000E\000L\000O\000\040\000D\000E\000\040\000P\000R\000O\000C\000E\000S\000O}{section.3.5}% 65
\BOOKMARK [2][-]{subsection.3.5.5}{\376\377\000M\000O\000D\000E\000L\000O\000\040\000D\000E\000\040\000P\000R\000E\000S\000E\000N\000T\000A\000C\000I\000\323\000N}{section.3.5}% 66
\BOOKMARK [1][-]{section.3.6}{\376\377\000S\000E\000G\000U\000N\000D\000A\000\040\000I\000T\000E\000R\000A\000C\000I\000\323\000N}{chapter.3}% 67
\BOOKMARK [2][-]{subsection.3.6.1}{\376\377\000M\000O\000D\000E\000L\000O\000\040\000D\000E\000\040\000R\000E\000Q\000U\000E\000R\000I\000M\000I\000E\000N\000T\000O\000S}{section.3.6}% 68
\BOOKMARK [2][-]{subsection.3.6.2}{\376\377\000A\000C\000T\000I\000V\000I\000D\000A\000D\000E\000S}{section.3.6}% 69
\BOOKMARK [2][-]{subsection.3.6.3}{\376\377\000M\000O\000D\000E\000L\000O\000\040\000D\000E\000\040\000C\000O\000N\000T\000E\000N\000I\000D\000O}{section.3.6}% 70
\BOOKMARK [2][-]{subsection.3.6.4}{\376\377\000M\000O\000D\000E\000L\000O\000\040\000D\000E\000\040\000P\000R\000O\000C\000E\000S\000O\000\040\000Y\000\040\000P\000R\000E\000S\000E\000N\000T\000A\000C\000I\000\323\000N}{section.3.6}% 71
\BOOKMARK [1][-]{section.3.7}{\376\377\000T\000E\000R\000C\000E\000R\000A\000\040\000I\000T\000E\000R\000A\000C\000I\000\323\000N}{chapter.3}% 72
\BOOKMARK [2][-]{subsection.3.7.1}{\376\377\000F\000L\000U\000J\000O\000\040\000D\000E\000\040\000C\000O\000N\000V\000E\000R\000S\000A\000C\000I\000\323\000N\000\040\000C\000A\000R\000R\000E\000R\000A\000\040\000P\000A\000R\000A\000L\000E\000L\000A}{section.3.7}% 73
\BOOKMARK [2][-]{subsection.3.7.2}{\376\377\000F\000L\000U\000J\000O\000\040\000D\000E\000\040\000C\000O\000N\000V\000E\000R\000S\000A\000C\000I\000\323\000N\000\040\000A\000P\000O\000S\000T\000I\000L\000L\000A}{section.3.7}% 74
\BOOKMARK [2][-]{subsection.3.7.3}{\376\377\000C\000U\000A\000R\000T\000A\000\040\000I\000T\000E\000R\000A\000C\000I\000\323\000N}{section.3.7}% 75
\BOOKMARK [0][-]{chapter.4}{\376\377\000R\000E\000S\000U\000L\000T\000A\000D\000O\000S}{}% 76
\BOOKMARK [1][-]{section.4.1}{\376\377\000P\000R\000U\000E\000B\000A\000\040\000E\000S\000T\000R\000U\000C\000T\000U\000R\000A\000L}{chapter.4}% 77
\BOOKMARK [2][-]{subsection.4.1.1}{\376\377\000P\000R\000U\000E\000B\000A\000S\000\040\000U\000N\000I\000T\000A\000R\000I\000A\000S}{section.4.1}% 78
\BOOKMARK [1][-]{section.4.2}{\376\377\000P\000R\000U\000E\000B\000A\000\040\000F\000U\000N\000C\000I\000O\000N\000A\000L}{chapter.4}% 79
\BOOKMARK [2][-]{subsection.4.2.1}{\376\377\000E\000N\000C\000U\000E\000S\000T\000A\000\040\000A\000\040\000U\000S\000U\000A\000R\000I\000O\000S}{section.4.2}% 80
\BOOKMARK [2][-]{subsection.4.2.2}{\376\377\000E\000N\000C\000U\000E\000S\000T\000A\000\040\000A\000\040\000D\000E\000S\000A\000R\000R\000O\000L\000L\000A\000D\000O\000R\000E\000S\000\040\000Y\000\040\000A\000D\000M\000I\000N\000I\000S\000T\000R\000A\000T\000I\000V\000O\000S}{section.4.2}% 81
\BOOKMARK [0][-]{chapter.5}{\376\377\000C\000O\000N\000C\000L\000U\000S\000I\000O\000N\000E\000S\000\040\000Y\000\040\000R\000E\000C\000O\000M\000E\000N\000D\000A\000C\000I\000O\000N\000E\000S}{}% 82
\BOOKMARK [1][-]{section.5.1}{\376\377\000C\000O\000N\000C\000L\000U\000S\000I\000O\000N\000E\000S}{chapter.5}% 83
\BOOKMARK [1][-]{section.5.2}{\376\377\000R\000E\000C\000O\000M\000E\000N\000D\000A\000C\000I\000O\000N\000E\000S}{chapter.5}% 84
